<?xml version="1.0" encoding="UTF-8"?>
<testng-results skipped="2" failed="2" ignored="0" total="18" passed="14">
  <reporter-output>
  </reporter-output>
  <suite name="Suite" duration-ms="10220" started-at="2021-05-23T08:16:00Z" finished-at="2021-05-23T08:16:10Z">
    <groups>
    </groups>
    <test name="Depends on method test" duration-ms="69" started-at="2021-05-23T08:16:00Z" finished-at="2021-05-23T08:16:00Z">
      <class name="keywordsTest.A7_DependsOnMethodTest">
        <test-method status="PASS" signature="loginTest()[pri:1, instance:keywordsTest.A7_DependsOnMethodTest@32d992b2]" name="loginTest" duration-ms="15" started-at="2021-05-23T08:16:00Z" finished-at="2021-05-23T08:16:00Z">
          <reporter-output>
          </reporter-output>
        </test-method> <!-- loginTest -->
        <test-method status="FAIL" signature="searchTest()[pri:2, instance:keywordsTest.A7_DependsOnMethodTest@32d992b2]" name="searchTest" duration-ms="2" started-at="2021-05-23T08:16:00Z" depends-on-methods="keywordsTest.A7_DependsOnMethodTest.loginTest" finished-at="2021-05-23T08:16:00Z">
          <exception class="java.lang.ArithmeticException">
            <message>
              <![CDATA[/ by zero]]>
            </message>
            <full-stacktrace>
              <![CDATA[java.lang.ArithmeticException: / by zero
at keywordsTest.A7_DependsOnMethodTest.searchTest(A7_DependsOnMethodTest.java:14)
at sun.reflect.NativeMethodAccessorImpl.invoke0(Native Method)
at sun.reflect.NativeMethodAccessorImpl.invoke(Unknown Source)
at sun.reflect.DelegatingMethodAccessorImpl.invoke(Unknown Source)
at java.lang.reflect.Method.invoke(Unknown Source)
at org.testng.internal.MethodInvocationHelper.invokeMethod(MethodInvocationHelper.java:124)
at org.testng.internal.Invoker.invokeMethod(Invoker.java:583)
at org.testng.internal.Invoker.invokeTestMethod(Invoker.java:719)
at org.testng.internal.Invoker.invokeTestMethods(Invoker.java:989)
at org.testng.internal.TestMethodWorker.invokeTestMethods(TestMethodWorker.java:125)
at org.testng.internal.TestMethodWorker.run(TestMethodWorker.java:109)
at org.testng.TestRunner.privateRun(TestRunner.java:648)
at org.testng.TestRunner.run(TestRunner.java:505)
at org.testng.SuiteRunner.runTest(SuiteRunner.java:455)
at org.testng.SuiteRunner.runSequentially(SuiteRunner.java:450)
at org.testng.SuiteRunner.privateRun(SuiteRunner.java:415)
at org.testng.SuiteRunner.run(SuiteRunner.java:364)
at org.testng.SuiteRunnerWorker.runSuite(SuiteRunnerWorker.java:52)
at org.testng.SuiteRunnerWorker.run(SuiteRunnerWorker.java:84)
at org.testng.TestNG.runSuitesSequentially(TestNG.java:1208)
at org.testng.TestNG.runSuitesLocally(TestNG.java:1137)
at org.testng.TestNG.runSuites(TestNG.java:1049)
at org.testng.TestNG.run(TestNG.java:1017)
at org.testng.remote.AbstractRemoteTestNG.run(AbstractRemoteTestNG.java:114)
at org.testng.remote.RemoteTestNG.initAndRun(RemoteTestNG.java:251)
at org.testng.remote.RemoteTestNG.main(RemoteTestNG.java:77)
]]>
            </full-stacktrace>
          </exception> <!-- java.lang.ArithmeticException -->
          <reporter-output>
          </reporter-output>
        </test-method> <!-- searchTest -->
        <test-method status="SKIP" signature="bookingTest()[pri:3, instance:keywordsTest.A7_DependsOnMethodTest@32d992b2]" name="bookingTest" duration-ms="0" started-at="2021-05-23T08:16:00Z" depends-on-methods="keywordsTest.A7_DependsOnMethodTest.searchTest" finished-at="2021-05-23T08:16:00Z">
          <exception class="java.lang.Throwable">
            <message>
              <![CDATA[Method A7_DependsOnMethodTest.bookingTest()[pri:3, instance:keywordsTest.A7_DependsOnMethodTest@32d992b2] depends on not successfully finished methods]]>
            </message>
            <full-stacktrace>
              <![CDATA[java.lang.Throwable: Method A7_DependsOnMethodTest.bookingTest()[pri:3, instance:keywordsTest.A7_DependsOnMethodTest@32d992b2] depends on not successfully finished methods
at org.testng.internal.Invoker.invokeTestMethods(Invoker.java:888)
at org.testng.internal.TestMethodWorker.invokeTestMethods(TestMethodWorker.java:125)
at org.testng.internal.TestMethodWorker.run(TestMethodWorker.java:109)
at org.testng.TestRunner.privateRun(TestRunner.java:648)
at org.testng.TestRunner.run(TestRunner.java:505)
at org.testng.SuiteRunner.runTest(SuiteRunner.java:455)
at org.testng.SuiteRunner.runSequentially(SuiteRunner.java:450)
at org.testng.SuiteRunner.privateRun(SuiteRunner.java:415)
at org.testng.SuiteRunner.run(SuiteRunner.java:364)
at org.testng.SuiteRunnerWorker.runSuite(SuiteRunnerWorker.java:52)
at org.testng.SuiteRunnerWorker.run(SuiteRunnerWorker.java:84)
at org.testng.TestNG.runSuitesSequentially(TestNG.java:1208)
at org.testng.TestNG.runSuitesLocally(TestNG.java:1137)
at org.testng.TestNG.runSuites(TestNG.java:1049)
at org.testng.TestNG.run(TestNG.java:1017)
at org.testng.remote.AbstractRemoteTestNG.run(AbstractRemoteTestNG.java:114)
at org.testng.remote.RemoteTestNG.initAndRun(RemoteTestNG.java:251)
at org.testng.remote.RemoteTestNG.main(RemoteTestNG.java:77)
]]>
            </full-stacktrace>
          </exception> <!-- java.lang.Throwable -->
          <reporter-output>
          </reporter-output>
        </test-method> <!-- bookingTest -->
        <test-method status="SKIP" signature="cancelTest()[pri:4, instance:keywordsTest.A7_DependsOnMethodTest@32d992b2]" name="cancelTest" duration-ms="0" started-at="2021-05-23T08:16:00Z" depends-on-methods="keywordsTest.A7_DependsOnMethodTest.bookingTest" finished-at="2021-05-23T08:16:00Z">
          <exception class="java.lang.Throwable">
            <message>
              <![CDATA[Method A7_DependsOnMethodTest.cancelTest()[pri:4, instance:keywordsTest.A7_DependsOnMethodTest@32d992b2] depends on not successfully finished methods]]>
            </message>
            <full-stacktrace>
              <![CDATA[java.lang.Throwable: Method A7_DependsOnMethodTest.cancelTest()[pri:4, instance:keywordsTest.A7_DependsOnMethodTest@32d992b2] depends on not successfully finished methods
at org.testng.internal.Invoker.invokeTestMethods(Invoker.java:888)
at org.testng.internal.TestMethodWorker.invokeTestMethods(TestMethodWorker.java:125)
at org.testng.internal.TestMethodWorker.run(TestMethodWorker.java:109)
at org.testng.TestRunner.privateRun(TestRunner.java:648)
at org.testng.TestRunner.run(TestRunner.java:505)
at org.testng.SuiteRunner.runTest(SuiteRunner.java:455)
at org.testng.SuiteRunner.runSequentially(SuiteRunner.java:450)
at org.testng.SuiteRunner.privateRun(SuiteRunner.java:415)
at org.testng.SuiteRunner.run(SuiteRunner.java:364)
at org.testng.SuiteRunnerWorker.runSuite(SuiteRunnerWorker.java:52)
at org.testng.SuiteRunnerWorker.run(SuiteRunnerWorker.java:84)
at org.testng.TestNG.runSuitesSequentially(TestNG.java:1208)
at org.testng.TestNG.runSuitesLocally(TestNG.java:1137)
at org.testng.TestNG.runSuites(TestNG.java:1049)
at org.testng.TestNG.run(TestNG.java:1017)
at org.testng.remote.AbstractRemoteTestNG.run(AbstractRemoteTestNG.java:114)
at org.testng.remote.RemoteTestNG.initAndRun(RemoteTestNG.java:251)
at org.testng.remote.RemoteTestNG.main(RemoteTestNG.java:77)
]]>
            </full-stacktrace>
          </exception> <!-- java.lang.Throwable -->
          <reporter-output>
          </reporter-output>
        </test-method> <!-- cancelTest -->
      </class> <!-- keywordsTest.A7_DependsOnMethodTest -->
    </test> <!-- Depends on method test -->
    <test name="Invocation Count Test" duration-ms="47" started-at="2021-05-23T08:16:00Z" finished-at="2021-05-23T08:16:00Z">
      <class name="keywordsTest.A8_InvocationCountTest">
        <test-method status="PASS" signature="Logintest()[pri:1, instance:keywordsTest.A8_InvocationCountTest@29ee9faa]" name="Logintest" duration-ms="2" started-at="2021-05-23T08:16:00Z" finished-at="2021-05-23T08:16:00Z">
          <reporter-output>
          </reporter-output>
        </test-method> <!-- Logintest -->
        <test-method status="PASS" signature="Logintest()[pri:1, instance:keywordsTest.A8_InvocationCountTest@29ee9faa]" name="Logintest" duration-ms="1" started-at="2021-05-23T08:16:00Z" finished-at="2021-05-23T08:16:00Z">
          <reporter-output>
          </reporter-output>
        </test-method> <!-- Logintest -->
        <test-method status="PASS" signature="Logintest()[pri:1, instance:keywordsTest.A8_InvocationCountTest@29ee9faa]" name="Logintest" duration-ms="1" started-at="2021-05-23T08:16:00Z" finished-at="2021-05-23T08:16:00Z">
          <reporter-output>
          </reporter-output>
        </test-method> <!-- Logintest -->
        <test-method status="PASS" signature="Logintest()[pri:1, instance:keywordsTest.A8_InvocationCountTest@29ee9faa]" name="Logintest" duration-ms="2" started-at="2021-05-23T08:16:00Z" finished-at="2021-05-23T08:16:00Z">
          <reporter-output>
          </reporter-output>
        </test-method> <!-- Logintest -->
        <test-method status="PASS" signature="Logintest()[pri:1, instance:keywordsTest.A8_InvocationCountTest@29ee9faa]" name="Logintest" duration-ms="2" started-at="2021-05-23T08:16:00Z" finished-at="2021-05-23T08:16:00Z">
          <reporter-output>
          </reporter-output>
        </test-method> <!-- Logintest -->
        <test-method status="PASS" signature="Logintest()[pri:1, instance:keywordsTest.A8_InvocationCountTest@29ee9faa]" name="Logintest" duration-ms="1" started-at="2021-05-23T08:16:00Z" finished-at="2021-05-23T08:16:00Z">
          <reporter-output>
          </reporter-output>
        </test-method> <!-- Logintest -->
        <test-method status="PASS" signature="Logintest()[pri:1, instance:keywordsTest.A8_InvocationCountTest@29ee9faa]" name="Logintest" duration-ms="1" started-at="2021-05-23T08:16:00Z" finished-at="2021-05-23T08:16:00Z">
          <reporter-output>
          </reporter-output>
        </test-method> <!-- Logintest -->
        <test-method status="PASS" signature="Logintest()[pri:1, instance:keywordsTest.A8_InvocationCountTest@29ee9faa]" name="Logintest" duration-ms="1" started-at="2021-05-23T08:16:00Z" finished-at="2021-05-23T08:16:00Z">
          <reporter-output>
          </reporter-output>
        </test-method> <!-- Logintest -->
        <test-method status="PASS" signature="Logintest()[pri:1, instance:keywordsTest.A8_InvocationCountTest@29ee9faa]" name="Logintest" duration-ms="2" started-at="2021-05-23T08:16:00Z" finished-at="2021-05-23T08:16:00Z">
          <reporter-output>
          </reporter-output>
        </test-method> <!-- Logintest -->
        <test-method status="PASS" signature="Logintest()[pri:1, instance:keywordsTest.A8_InvocationCountTest@29ee9faa]" name="Logintest" duration-ms="2" started-at="2021-05-23T08:16:00Z" finished-at="2021-05-23T08:16:00Z">
          <reporter-output>
          </reporter-output>
        </test-method> <!-- Logintest -->
        <test-method status="PASS" signature="Searchtest()[pri:2, instance:keywordsTest.A8_InvocationCountTest@29ee9faa]" name="Searchtest" duration-ms="2" started-at="2021-05-23T08:16:00Z" finished-at="2021-05-23T08:16:00Z">
          <reporter-output>
          </reporter-output>
        </test-method> <!-- Searchtest -->
        <test-method status="PASS" signature="Bookingtest()[pri:3, instance:keywordsTest.A8_InvocationCountTest@29ee9faa]" name="Bookingtest" duration-ms="1" started-at="2021-05-23T08:16:00Z" finished-at="2021-05-23T08:16:00Z">
          <reporter-output>
          </reporter-output>
        </test-method> <!-- Bookingtest -->
        <test-method status="PASS" signature="Canceltest()[pri:4, instance:keywordsTest.A8_InvocationCountTest@29ee9faa]" name="Canceltest" duration-ms="2" started-at="2021-05-23T08:16:00Z" finished-at="2021-05-23T08:16:00Z">
          <reporter-output>
          </reporter-output>
        </test-method> <!-- Canceltest -->
      </class> <!-- keywordsTest.A8_InvocationCountTest -->
    </test> <!-- Invocation Count Test -->
    <test name="Invocation TimeOut test" duration-ms="10018" started-at="2021-05-23T08:16:00Z" finished-at="2021-05-23T08:16:10Z">
      <class name="keywordsTest.A9_InvocationTimeOut">
        <test-method status="FAIL" signature="Logintest()[pri:1, instance:keywordsTest.A9_InvocationTimeOut@2b98378d]" name="Logintest" duration-ms="10014" started-at="2021-05-23T08:16:00Z" finished-at="2021-05-23T08:16:10Z">
          <exception class="org.testng.internal.thread.ThreadTimeoutException">
            <message>
              <![CDATA[Method keywordsTest.A9_InvocationTimeOut.Logintest() didn't finish within the time-out 10000]]>
            </message>
            <full-stacktrace>
              <![CDATA[org.testng.internal.thread.ThreadTimeoutException: Method keywordsTest.A9_InvocationTimeOut.Logintest() didn't finish within the time-out 10000
at java.lang.Thread.currentThread(Native Method)
at java.util.concurrent.locks.ReentrantLock$Sync.tryRelease(Unknown Source)
at java.util.concurrent.locks.AbstractQueuedSynchronizer.release(Unknown Source)
at java.util.concurrent.locks.ReentrantLock.unlock(Unknown Source)
at java.util.concurrent.ThreadPoolExecutor.processWorkerExit(Unknown Source)
at java.util.concurrent.ThreadPoolExecutor.runWorker(Unknown Source)
at java.util.concurrent.ThreadPoolExecutor$Worker.run(Unknown Source)
at java.lang.Thread.run(Unknown Source)
]]>
            </full-stacktrace>
          </exception> <!-- org.testng.internal.thread.ThreadTimeoutException -->
          <reporter-output>
          </reporter-output>
        </test-method> <!-- Logintest -->
      </class> <!-- keywordsTest.A9_InvocationTimeOut -->
    </test> <!-- Invocation TimeOut test -->
  </suite> <!-- Suite -->
</testng-results>
