<?xml version="1.0" encoding="UTF-8"?>
<!-- Generated by org.testng.reporters.JUnitXMLReporter -->
<testsuite hostname="MAA125CG9425ZJD" ignored="0" name="Depends on method test" tests="4" failures="1" timestamp="23 May 2021 08:16:00 GMT" time="0.069" errors="0">
  <testcase name="loginTest" time="0.015" classname="keywordsTest.A7_DependsOnMethodTest"/>
  <testcase name="searchTest" time="0.002" classname="keywordsTest.A7_DependsOnMethodTest">
    <failure type="java.lang.ArithmeticException" message="/ by zero">
      <![CDATA[java.lang.ArithmeticException: / by zero
at keywordsTest.A7_DependsOnMethodTest.searchTest(A7_DependsOnMethodTest.java:14)
... Removed 25 stack frames]]>
    </failure>
  </testcase> <!-- searchTest -->
  <testcase name="bookingTest" time="0.0" classname="keywordsTest.A7_DependsOnMethodTest">
    <skipped/>
  </testcase> <!-- bookingTest -->
  <testcase name="cancelTest" time="0.0" classname="keywordsTest.A7_DependsOnMethodTest">
    <skipped/>
  </testcase> <!-- cancelTest -->
</testsuite> <!-- Depends on method test -->
